warning: Git tree '/home/hazel/nix-config' is dirty
warning: input 'impermanence' has an override for a non-existent input 'home-manager'
warning: input 'impermanence' has an override for a non-existent input 'nixpkgs'
building the system configuration...
warning: Git tree '/home/hazel/nix-config' is dirty
warning: input 'impermanence' has an override for a non-existent input 'home-manager'
warning: input 'impermanence' has an override for a non-existent input 'nixpkgs'
error:
       … while calling the 'head' builtin
         at /nix/store/hr5pl7m833kkr0zv98iydy7mxyl10qld-source/lib/attrsets.nix:1571:13:
         1570|           if length values == 1 || pred here (elemAt values 1) (head values) then
         1571|             head values
             |             ^
         1572|           else

       … while evaluating the attribute 'value'
         at /nix/store/hr5pl7m833kkr0zv98iydy7mxyl10qld-source/lib/modules.nix:1083:7:
         1082|     // {
         1083|       value = addErrorContext "while evaluating the option `${showOption loc}':" value;
             |       ^
         1084|       inherit (res.defsFinal') highestPrio;

       … while evaluating the option `system.build.toplevel':

       … while evaluating definitions from `/nix/store/hr5pl7m833kkr0zv98iydy7mxyl10qld-source/nixos/modules/system/activation/top-level.nix':

       (stack trace truncated; use '--show-trace' to show the full, detailed trace)

       error:
       Failed assertions:
       - environment.persistence:
           The following files were specified two or more
           times:
             /etc/machine-id
             /etc/ssh/ssh_host_ed25519_key.pub
             /etc/ssh/ssh_host_ed25519_key
             /etc/ssh/ssh_host_rsa_key.pub
             /etc/ssh/ssh_host_rsa_key

       - environment.persistence:
           The following directories were specified two or more
           times:
             /var/log
             /var/lib/nixos
